<?xml version="1.0" encoding="UTF-8"?>
<!-- Generated by org.testng.reporters.JUnitReportReporter -->
<testsuite hostname="Dellsys66-PC" failures="0" tests="9" name="cucumberOptions.TestRunner2" time="62.931" errors="0" timestamp="2024-08-20T15:47:55 IST" skipped="0">
  <testcase classname="cucumberOptions.TestRunner2" name="runScenario" time="7.868"/>
  <system-out/>
  <testcase classname="cucumberOptions.TestRunner2" name="runScenario" time="5.757"/>
  <system-out/>
  <testcase classname="cucumberOptions.TestRunner2" name="runScenario" time="8.704"/>
  <system-out/>
  <testcase classname="cucumberOptions.TestRunner2" name="runScenario" time="5.293"/>
  <system-out/>
  <testcase classname="cucumberOptions.TestRunner2" name="runScenario" time="18.029"/>
  <system-out/>
  <testcase classname="cucumberOptions.TestRunner2" name="runScenario" time="7.120"/>
  <system-out/>
  <testcase classname="cucumberOptions.TestRunner2" name="runScenario" time="2.220"/>
  <system-out/>
  <testcase classname="cucumberOptions.TestRunner2" name="runScenario" time="1.996"/>
  <system-out/>
  <testcase classname="cucumberOptions.TestRunner2" name="runScenario" time="5.944"/>
  <system-out/>
</testsuite> <!-- cucumberOptions.TestRunner2 -->
